<?xml version="1.0" encoding="UTF-8"?>
<testng-results ignored="0" total="5" passed="5" failed="0" skipped="0">
  <reporter-output>
  </reporter-output>
  <suite started-at="2021-04-16T01:31:53 IST" name="com.massmutual.tests.TestRunner" finished-at="2021-04-16T01:31:55 IST" duration-ms="1322">
    <groups>
      <group name="cucumber">
        <method signature="AbstractTestNGCucumberTests.runScenario(io.cucumber.testng.PickleWrapper, io.cucumber.testng.FeatureWrapper)[pri:0, instance:com.massmutual.tests.TestRunner@5fdba6f9]" name="runScenario" class="io.cucumber.testng.AbstractTestNGCucumberTests"/>
      </group> <!-- cucumber -->
    </groups>
    <test started-at="2021-04-16T01:31:53 IST" name="Command line test" finished-at="2021-04-16T01:31:55 IST" duration-ms="1322">
      <class name="com.massmutual.tests.TestRunner">
        <test-method is-config="true" signature="setUpClass()[pri:0, instance:com.massmutual.tests.TestRunner@5fdba6f9]" started-at="2021-04-16T01:31:53 IST" name="setUpClass" finished-at="2021-04-16T01:31:54 IST" duration-ms="710" status="PASS">
          <reporter-output>
          </reporter-output>
        </test-method> <!-- setUpClass -->
        <test-method signature="runScenario(io.cucumber.testng.PickleWrapper, io.cucumber.testng.FeatureWrapper)[pri:0, instance:com.massmutual.tests.TestRunner@5fdba6f9]" started-at="2021-04-16T01:31:54 IST" name="runScenario" description="Runs Cucumber Scenarios" data-provider="scenarios" finished-at="2021-04-16T01:31:54 IST" duration-ms="360" status="PASS">
          <params>
            <param index="0">
              <value>
                <![CDATA["Verify the right count of values appear on screen"]]>
              </value>
            </param>
            <param index="1">
              <value>
                <![CDATA["Optional[Verify Values and Total Balance]"]]>
              </value>
            </param>
          </params>
          <reporter-output>
          </reporter-output>
        </test-method> <!-- runScenario -->
        <test-method signature="runScenario(io.cucumber.testng.PickleWrapper, io.cucumber.testng.FeatureWrapper)[pri:0, instance:com.massmutual.tests.TestRunner@5fdba6f9]" started-at="2021-04-16T01:31:54 IST" name="runScenario" description="Runs Cucumber Scenarios" data-provider="scenarios" finished-at="2021-04-16T01:31:54 IST" duration-ms="30" status="PASS">
          <params>
            <param index="0">
              <value>
                <![CDATA["Verify the values on screen are greater than 0"]]>
              </value>
            </param>
            <param index="1">
              <value>
                <![CDATA["Optional[Verify Values and Total Balance]"]]>
              </value>
            </param>
          </params>
          <reporter-output>
          </reporter-output>
        </test-method> <!-- runScenario -->
        <test-method signature="runScenario(io.cucumber.testng.PickleWrapper, io.cucumber.testng.FeatureWrapper)[pri:0, instance:com.massmutual.tests.TestRunner@5fdba6f9]" started-at="2021-04-16T01:31:54 IST" name="runScenario" description="Runs Cucumber Scenarios" data-provider="scenarios" finished-at="2021-04-16T01:31:54 IST" duration-ms="29" status="PASS">
          <params>
            <param index="0">
              <value>
                <![CDATA["Verify the total balance is correct based on the values listed on the screen"]]>
              </value>
            </param>
            <param index="1">
              <value>
                <![CDATA["Optional[Verify Values and Total Balance]"]]>
              </value>
            </param>
          </params>
          <reporter-output>
          </reporter-output>
        </test-method> <!-- runScenario -->
        <test-method signature="runScenario(io.cucumber.testng.PickleWrapper, io.cucumber.testng.FeatureWrapper)[pri:0, instance:com.massmutual.tests.TestRunner@5fdba6f9]" started-at="2021-04-16T01:31:54 IST" name="runScenario" description="Runs Cucumber Scenarios" data-provider="scenarios" finished-at="2021-04-16T01:31:54 IST" duration-ms="32" status="PASS">
          <params>
            <param index="0">
              <value>
                <![CDATA["Verify the values are formatted as currencies"]]>
              </value>
            </param>
            <param index="1">
              <value>
                <![CDATA["Optional[Verify Values and Total Balance]"]]>
              </value>
            </param>
          </params>
          <reporter-output>
          </reporter-output>
        </test-method> <!-- runScenario -->
        <test-method signature="runScenario(io.cucumber.testng.PickleWrapper, io.cucumber.testng.FeatureWrapper)[pri:0, instance:com.massmutual.tests.TestRunner@5fdba6f9]" started-at="2021-04-16T01:31:54 IST" name="runScenario" description="Runs Cucumber Scenarios" data-provider="scenarios" finished-at="2021-04-16T01:31:54 IST" duration-ms="10" status="PASS">
          <params>
            <param index="0">
              <value>
                <![CDATA["Verify the total balance matches the sum of the values"]]>
              </value>
            </param>
            <param index="1">
              <value>
                <![CDATA["Optional[Verify Values and Total Balance]"]]>
              </value>
            </param>
          </params>
          <reporter-output>
          </reporter-output>
        </test-method> <!-- runScenario -->
        <test-method is-config="true" signature="tearDownClass()[pri:0, instance:com.massmutual.tests.TestRunner@5fdba6f9]" started-at="2021-04-16T01:31:54 IST" name="tearDownClass" finished-at="2021-04-16T01:31:55 IST" duration-ms="110" status="PASS">
          <reporter-output>
          </reporter-output>
        </test-method> <!-- tearDownClass -->
      </class> <!-- com.massmutual.tests.TestRunner -->
    </test> <!-- Command line test -->
  </suite> <!-- com.massmutual.tests.TestRunner -->
</testng-results>
