<?xml version="1.0" encoding="UTF-8" ?>
<testsuite tests="5" failures="0" name="com.massmutual.tests.TestRunner" time="0.462" errors="0" skipped="0">
  <properties>
[...]
</properties>
  <testcase classname="com.massmutual.tests.TestRunner" name="runScenario" time="0.37"/>
  <testcase classname="com.massmutual.tests.TestRunner" name="runScenario" time="0.02"/>
  <testcase classname="com.massmutual.tests.TestRunner" name="runScenario" time="0.035"/>
  <testcase classname="com.massmutual.tests.TestRunner" name="runScenario" time="0.027"/>
  <testcase classname="com.massmutual.tests.TestRunner" name="runScenario" time="0.01"/>
</testsuite>