<?xml version="1.0" encoding="UTF-8"?>
<testng-results ignored="0" total="5" passed="5" failed="0" skipped="0">
  <reporter-output>
  </reporter-output>
  <suite started-at="2021-04-16T01:31:09 IST" name="MassMutual" finished-at="2021-04-16T01:31:10 IST" duration-ms="1386">
    <groups>
      <group name="cucumber">
        <method signature="AbstractTestNGCucumberTests.runScenario(io.cucumber.testng.PickleWrapper, io.cucumber.testng.FeatureWrapper)[pri:0, instance:com.massmutual.tests.TestRunner@78e117e3]" name="runScenario" class="io.cucumber.testng.AbstractTestNGCucumberTests"/>
      </group> <!-- cucumber -->
    </groups>
    <test started-at="2021-04-16T01:31:09 IST" name="Verify Values and Total Balance" finished-at="2021-04-16T01:31:10 IST" duration-ms="1386">
      <class name="com.massmutual.tests.TestRunner">
        <test-method is-config="true" signature="setUpClass()[pri:0, instance:com.massmutual.tests.TestRunner@78e117e3]" started-at="2021-04-16T01:31:09 IST" name="setUpClass" finished-at="2021-04-16T01:31:10 IST" duration-ms="724" status="PASS">
          <reporter-output>
          </reporter-output>
        </test-method> <!-- setUpClass -->
        <test-method signature="runScenario(io.cucumber.testng.PickleWrapper, io.cucumber.testng.FeatureWrapper)[pri:0, instance:com.massmutual.tests.TestRunner@78e117e3]" started-at="2021-04-16T01:31:10 IST" name="runScenario" description="Runs Cucumber Scenarios" data-provider="scenarios" finished-at="2021-04-16T01:31:10 IST" duration-ms="340" status="PASS">
          <params>
            <param index="0">
              <value>
                <![CDATA["Verify the right count of values appear on screen"]]>
              </value>
            </param>
            <param index="1">
              <value>
                <![CDATA["Optional[Verify Values and Total Balance]"]]>
              </value>
            </param>
          </params>
          <reporter-output>
          </reporter-output>
        </test-method> <!-- runScenario -->
        <test-method signature="runScenario(io.cucumber.testng.PickleWrapper, io.cucumber.testng.FeatureWrapper)[pri:0, instance:com.massmutual.tests.TestRunner@78e117e3]" started-at="2021-04-16T01:31:10 IST" name="runScenario" description="Runs Cucumber Scenarios" data-provider="scenarios" finished-at="2021-04-16T01:31:10 IST" duration-ms="30" status="PASS">
          <params>
            <param index="0">
              <value>
                <![CDATA["Verify the values on screen are greater than 0"]]>
              </value>
            </param>
            <param index="1">
              <value>
                <![CDATA["Optional[Verify Values and Total Balance]"]]>
              </value>
            </param>
          </params>
          <reporter-output>
          </reporter-output>
        </test-method> <!-- runScenario -->
        <test-method signature="runScenario(io.cucumber.testng.PickleWrapper, io.cucumber.testng.FeatureWrapper)[pri:0, instance:com.massmutual.tests.TestRunner@78e117e3]" started-at="2021-04-16T01:31:10 IST" name="runScenario" description="Runs Cucumber Scenarios" data-provider="scenarios" finished-at="2021-04-16T01:31:10 IST" duration-ms="31" status="PASS">
          <params>
            <param index="0">
              <value>
                <![CDATA["Verify the total balance is correct based on the values listed on the screen"]]>
              </value>
            </param>
            <param index="1">
              <value>
                <![CDATA["Optional[Verify Values and Total Balance]"]]>
              </value>
            </param>
          </params>
          <reporter-output>
          </reporter-output>
        </test-method> <!-- runScenario -->
        <test-method signature="runScenario(io.cucumber.testng.PickleWrapper, io.cucumber.testng.FeatureWrapper)[pri:0, instance:com.massmutual.tests.TestRunner@78e117e3]" started-at="2021-04-16T01:31:10 IST" name="runScenario" description="Runs Cucumber Scenarios" data-provider="scenarios" finished-at="2021-04-16T01:31:10 IST" duration-ms="32" status="PASS">
          <params>
            <param index="0">
              <value>
                <![CDATA["Verify the values are formatted as currencies"]]>
              </value>
            </param>
            <param index="1">
              <value>
                <![CDATA["Optional[Verify Values and Total Balance]"]]>
              </value>
            </param>
          </params>
          <reporter-output>
          </reporter-output>
        </test-method> <!-- runScenario -->
        <test-method signature="runScenario(io.cucumber.testng.PickleWrapper, io.cucumber.testng.FeatureWrapper)[pri:0, instance:com.massmutual.tests.TestRunner@78e117e3]" started-at="2021-04-16T01:31:10 IST" name="runScenario" description="Runs Cucumber Scenarios" data-provider="scenarios" finished-at="2021-04-16T01:31:10 IST" duration-ms="20" status="PASS">
          <params>
            <param index="0">
              <value>
                <![CDATA["Verify the total balance matches the sum of the values"]]>
              </value>
            </param>
            <param index="1">
              <value>
                <![CDATA["Optional[Verify Values and Total Balance]"]]>
              </value>
            </param>
          </params>
          <reporter-output>
          </reporter-output>
        </test-method> <!-- runScenario -->
        <test-method is-config="true" signature="tearDownClass()[pri:0, instance:com.massmutual.tests.TestRunner@78e117e3]" started-at="2021-04-16T01:31:10 IST" name="tearDownClass" finished-at="2021-04-16T01:31:10 IST" duration-ms="127" status="PASS">
          <reporter-output>
          </reporter-output>
        </test-method> <!-- tearDownClass -->
      </class> <!-- com.massmutual.tests.TestRunner -->
    </test> <!-- Verify Values and Total Balance -->
  </suite> <!-- MassMutual -->
</testng-results>
